<?xml version="1.0" encoding="UTF-8"?>
<!-- Generated by org.testng.reporters.JUnitXMLReporter -->
<testsuite ignored="2" hostname="RAKESH-ACER" failures="0" tests="2" name="Surefire test" time="18.242" errors="0" timestamp="2023-11-16T13:17:43 IST">
  <testcase classname="com.example.SeleniumTest" name="testGoogleSearch" time="5.896"/>
  <testcase classname="com.example.SeleniumTest" name="testGoogleSearch2" time="11.15"/>
  <testcase classname="com.examples.tests.BaseTest" name="@AfterTest tearDown" time="0.0">
    <ignored/>
  </testcase> <!-- @AfterTest tearDown -->
  <testcase classname="com.examples.tests.BaseTest" name="@BeforeTest setUp" time="0.0">
    <ignored/>
  </testcase> <!-- @BeforeTest setUp -->
</testsuite> <!-- Surefire test -->
