<?xml version="1.0" encoding="UTF-8"?>
<!-- Generated by org.testng.reporters.JUnitXMLReporter -->
<testsuite ignored="1" hostname="RAKESH-ACER" failures="0" tests="2" name="Test1" time="37.801" errors="0" timestamp="2023-11-16T18:34:15 IST">
  <testcase classname="com.example.SeleniumTest" name="testGoogleSearch" time="5.798"/>
  <testcase classname="com.example.SeleniumTest2" name="testGoogleSearch2" time="20.103"/>
  <testcase classname="com.tests.BaseTest" name="@BeforeSuite beforeSuite" time="0.0">
    <ignored/>
  </testcase> <!-- @BeforeSuite beforeSuite -->
</testsuite> <!-- Test1 -->
