<?xml version="1.0" encoding="UTF-8"?>
<testsuite xmlns:xsi="http://www.w3.org/2001/XMLSchema-instance" xsi:schemaLocation="https://maven.apache.org/surefire/maven-surefire-plugin/xsd/surefire-test-report.xsd" name="TestSuite" time="88.246" tests="8" errors="0" skipped="2" failures="2">
  <properties>
[...]
</properties>
  <testcase name="testGoogleSearch" classname="com.example.SeleniumTest" time="4.354"/>
  <testcase name="testGoogleSearch" classname="com.example.SeleniumTest" time="0">
    <skipped message="Could not start Browser / Emulator&#10; Reason: &#10;Unable to create new remote session. desired capabilities = Capabilities {browserName: safari, moz:firefoxOptions: {args: [], prefs: {}}}&#10;Build info: version: &apos;3.14.0&apos;, revision: &apos;aacccce0&apos;, time: &apos;2018-08-02T20:13:22.693Z&apos;&#10;System info: host: &apos;mac-46-37-97-4.browserstack.com&apos;, ip: &apos;fe80:0:0:0:c6d:a736:d49b:8d10%en0&apos;, os.name: &apos;Mac OS X&apos;, os.arch: &apos;x86_64&apos;, os.version: &apos;14.0&apos;, java.version: &apos;11.0.13&apos;&#10;Driver info: driver.version: unknown (WARNING: The server did not provide any stacktrace information)&#10;Command duration or timeout: 24.76 seconds&#10;Build info: version: &apos;3.141.59&apos;, revision: &apos;e82be7d358&apos;, time: &apos;2018-11-14T08:17:03&apos;&#10;System info: host: &apos;RAKESH-ACER&apos;, ip: &apos;192.168.151.120&apos;, os.name: &apos;Windows 11&apos;, os.arch: &apos;amd64&apos;, os.version: &apos;10.0&apos;, java.version: &apos;11.0.19&apos;&#10;Driver info: driver.version: FirefoxDriver"/>
  </testcase>
  <testcase name="testGoogleSearch" classname="com.example.SeleniumTest" time="1.822"/>
  <testcase name="setUp" classname="com.example.SeleniumTest" time="7.922">
    <failure message="Could not start Browser / Emulator&#10; Reason: &#10;Unable to create new remote session. desired capabilities = Capabilities {browserName: safari, moz:firefoxOptions: {args: [], prefs: {}}}&#10;Build info: version: &apos;3.14.0&apos;, revision: &apos;aacccce0&apos;, time: &apos;2018-08-02T20:13:22.693Z&apos;&#10;System info: host: &apos;mac-46-37-97-4.browserstack.com&apos;, ip: &apos;fe80:0:0:0:c6d:a736:d49b:8d10%en0&apos;, os.name: &apos;Mac OS X&apos;, os.arch: &apos;x86_64&apos;, os.version: &apos;14.0&apos;, java.version: &apos;11.0.13&apos;&#10;Driver info: driver.version: unknown (WARNING: The server did not provide any stacktrace information)&#10;Command duration or timeout: 24.76 seconds&#10;Build info: version: &apos;3.141.59&apos;, revision: &apos;e82be7d358&apos;, time: &apos;2018-11-14T08:17:03&apos;&#10;System info: host: &apos;RAKESH-ACER&apos;, ip: &apos;192.168.151.120&apos;, os.name: &apos;Windows 11&apos;, os.arch: &apos;amd64&apos;, os.version: &apos;10.0&apos;, java.version: &apos;11.0.19&apos;&#10;Driver info: driver.version: FirefoxDriver" type="org.openqa.selenium.WebDriverException">org.openqa.selenium.WebDriverException: 
Could not start Browser / Emulator
 Reason: 
Unable to create new remote session. desired capabilities = Capabilities {browserName: safari, moz:firefoxOptions: {args: [], prefs: {}}}
Build info: version: '3.14.0', revision: 'aacccce0', time: '2018-08-02T20:13:22.693Z'
System info: host: 'mac-46-37-97-4.browserstack.com', ip: 'fe80:0:0:0:c6d:a736:d49b:8d10%en0', os.name: 'Mac OS X', os.arch: 'x86_64', os.version: '14.0', java.version: '11.0.13'
Driver info: driver.version: unknown (WARNING: The server did not provide any stacktrace information)
Command duration or timeout: 24.76 seconds
Build info: version: '3.141.59', revision: 'e82be7d358', time: '2018-11-14T08:17:03'
System info: host: 'RAKESH-ACER', ip: '192.168.151.120', os.name: 'Windows 11', os.arch: 'amd64', os.version: '10.0', java.version: '11.0.19'
Driver info: driver.version: FirefoxDriver
</failure>
  </testcase>
  <testcase name="setUp" classname="com.example.SeleniumTest2" time="17.411">
    <failure message="Could not start Browser / Emulator&#10; Reason: &#10;Unable to create new remote session. desired capabilities = Capabilities {browserName: safari, moz:firefoxOptions: {args: [], prefs: {}}}&#10;Build info: version: &apos;3.14.0&apos;, revision: &apos;aacccce0&apos;, time: &apos;2018-08-02T20:13:22.693Z&apos;&#10;System info: host: &apos;mac-46-37-97-22.browserstack.com&apos;, ip: &apos;fe80:0:0:0:1c6e:64a1:543c:c08c%en0&apos;, os.name: &apos;Mac OS X&apos;, os.arch: &apos;x86_64&apos;, os.version: &apos;14.0&apos;, java.version: &apos;11.0.13&apos;&#10;Driver info: driver.version: unknown (WARNING: The server did not provide any stacktrace information)&#10;Command duration or timeout: 23.11 seconds&#10;Build info: version: &apos;3.141.59&apos;, revision: &apos;e82be7d358&apos;, time: &apos;2018-11-14T08:17:03&apos;&#10;System info: host: &apos;RAKESH-ACER&apos;, ip: &apos;192.168.151.120&apos;, os.name: &apos;Windows 11&apos;, os.arch: &apos;amd64&apos;, os.version: &apos;10.0&apos;, java.version: &apos;11.0.19&apos;&#10;Driver info: driver.version: FirefoxDriver" type="org.openqa.selenium.WebDriverException">org.openqa.selenium.WebDriverException: 
Could not start Browser / Emulator
 Reason: 
Unable to create new remote session. desired capabilities = Capabilities {browserName: safari, moz:firefoxOptions: {args: [], prefs: {}}}
Build info: version: '3.14.0', revision: 'aacccce0', time: '2018-08-02T20:13:22.693Z'
System info: host: 'mac-46-37-97-22.browserstack.com', ip: 'fe80:0:0:0:1c6e:64a1:543c:c08c%en0', os.name: 'Mac OS X', os.arch: 'x86_64', os.version: '14.0', java.version: '11.0.13'
Driver info: driver.version: unknown (WARNING: The server did not provide any stacktrace information)
Command duration or timeout: 23.11 seconds
Build info: version: '3.141.59', revision: 'e82be7d358', time: '2018-11-14T08:17:03'
System info: host: 'RAKESH-ACER', ip: '192.168.151.120', os.name: 'Windows 11', os.arch: 'amd64', os.version: '10.0', java.version: '11.0.19'
Driver info: driver.version: FirefoxDriver
</failure>
    <system-out><![CDATA[org.openqa.selenium.TimeoutException: Expected condition failed: waiting for presence of element located by: By.xpath: //div[text()='Accept all'] (tried for 10 second(s) with 500 milliseconds interval)
]]></system-out>
  </testcase>
  <testcase name="testGoogleSearch2" classname="com.example.SeleniumTest2" time="0">
    <skipped message="Could not start Browser / Emulator&#10; Reason: &#10;Unable to create new remote session. desired capabilities = Capabilities {browserName: safari, moz:firefoxOptions: {args: [], prefs: {}}}&#10;Build info: version: &apos;3.14.0&apos;, revision: &apos;aacccce0&apos;, time: &apos;2018-08-02T20:13:22.693Z&apos;&#10;System info: host: &apos;mac-46-37-97-22.browserstack.com&apos;, ip: &apos;fe80:0:0:0:1c6e:64a1:543c:c08c%en0&apos;, os.name: &apos;Mac OS X&apos;, os.arch: &apos;x86_64&apos;, os.version: &apos;14.0&apos;, java.version: &apos;11.0.13&apos;&#10;Driver info: driver.version: unknown (WARNING: The server did not provide any stacktrace information)&#10;Command duration or timeout: 23.11 seconds&#10;Build info: version: &apos;3.141.59&apos;, revision: &apos;e82be7d358&apos;, time: &apos;2018-11-14T08:17:03&apos;&#10;System info: host: &apos;RAKESH-ACER&apos;, ip: &apos;192.168.151.120&apos;, os.name: &apos;Windows 11&apos;, os.arch: &apos;amd64&apos;, os.version: &apos;10.0&apos;, java.version: &apos;11.0.19&apos;&#10;Driver info: driver.version: FirefoxDriver"/>
  </testcase>
  <testcase name="testGoogleSearch2" classname="com.example.SeleniumTest2" time="6.503"/>
  <testcase name="testGoogleSearch2" classname="com.example.SeleniumTest2" time="31.439"/>
</testsuite>